{"logTime": "0124/114255", "correlationVector":"kvPTFlVW74fe2Ny1D9JNJL.1","action":"SyncServerConnectionManagerRequest", "result":"SYNC_SERVER_OK", "context":{"environment":"Prod_SoutheastAsia_000j", "migrationStage":"NotStarted", "server":"GENERAL01000018"}}
{"logTime": "0124/114315", "correlationVector":"kvPTFlVW74fe2Ny1D9JNJL","action":"Initial GetUpdates", "result":"", "context":Reason: NEW_CLIENT. cV=kvPTFlVW74fe2Ny1D9JNJL}
{"logTime": "0124/114319", "correlationVector":"kvPTFlVW74fe2Ny1D9JNJL.2","action":"GetUpdates Response", "result":"SYNCER_OK", "context":Received 1 update(s). cV=kvPTFlVW74fe2Ny1D9JNJL.0;server=GENERAL01000018;cloudType=Consumer;environment=Prod_SoutheastAsia_000j;migrationStage=NotStarted}
{"logTime": "0124/114336", "correlationVector":"zb3TST4T8GEwlJ+h24UrwH","action":"SyncServerConnectionManagerRequest", "result":"SYNC_SERVER_OK", "context":{"environment":"", "migrationStage":"", "server":""}}
{"logTime": "0124/114336", "correlationVector":"Q97m6oGsQ9Plx+SAOwCZLs","action":"Initial GetUpdates", "result":"", "context":Reason: NEW_CLIENT. cV=Q97m6oGsQ9Plx+SAOwCZLs}
{"logTime": "0124/114336", "correlationVector":"Q97m6oGsQ9Plx+SAOwCZLs.1","action":"SyncServerConnectionManagerRequest", "result":"SYNC_SERVER_OK", "context":{"environment":"Prod_SoutheastAsia_000j", "migrationStage":"NotStarted", "server":"GENERAL0100001E"}}
{"logTime": "0124/114337", "correlationVector":"Q97m6oGsQ9Plx+SAOwCZLs.2","action":"GetUpdates Response", "result":"SYNCER_OK", "context":Received 7 update(s). cV=Q97m6oGsQ9Plx+SAOwCZLs.0;server=GENERAL0100001E;cloudType=Consumer;environment=Prod_SoutheastAsia_000j;migrationStage=NotStarted}
{"logTime": "0124/114337", "correlationVector":"Ii3kuX9ICE6pZEdZ+XLY2y","action":"Normal GetUpdate request", "result":"", "context":cV=Ii3kuX9ICE6pZEdZ+XLY2y
Nudged types: Device Info, User Consents
Refresh requested types: Device Info, User Consents, Send Tab To Self, Encryption Keys}
{"logTime": "0124/114337", "correlationVector":"Ii3kuX9ICE6pZEdZ+XLY2y.1","action":"SyncServerConnectionManagerRequest", "result":"SYNC_SERVER_OK", "context":{"environment":"Prod_SoutheastAsia_000j", "migrationStage":"NotStarted", "server":"GENERAL0100000P"}}
{"logTime": "0124/114337", "correlationVector":"Ii3kuX9ICE6pZEdZ+XLY2y.2","action":"GetUpdates Response", "result":"SYNCER_OK", "context":Received 0 update(s). cV=Ii3kuX9ICE6pZEdZ+XLY2y.0;server=GENERAL0100000P;cloudType=Consumer;environment=Prod_SoutheastAsia_000j;migrationStage=NotStarted}
{"logTime": "0124/114337", "correlationVector":"xQMYU9ZEt90RbOV2tydH53","action":"Commit Request", "result":"", "context":Item count: 1
Contributing types: Device Info}
{"logTime": "0124/114337", "correlationVector":"xQMYU9ZEt90RbOV2tydH53.1","action":"SyncServerConnectionManagerRequest", "result":"SYNC_SERVER_OK", "context":{"environment":"Prod_SoutheastAsia_000j", "migrationStage":"NotStarted", "server":"GENERAL0300000K"}}
{"logTime": "0124/114337", "correlationVector":"xQMYU9ZEt90RbOV2tydH53.2","action":"Commit Response", "result":"SYNCER_OK", "context":Result: SYNCER_OK. cV=xQMYU9ZEt90RbOV2tydH53.0;server=GENERAL0300000K;cloudType=Consumer;environment=Prod_SoutheastAsia_000j;migrationStage=NotStarted}
{"logTime": "0124/114337", "correlationVector":"BnggfYo8MHP83VK9UHanAt","action":"Commit Request", "result":"", "context":Item count: 1
Contributing types: User Consents}
{"logTime": "0124/114337", "correlationVector":"BnggfYo8MHP83VK9UHanAt.1","action":"SyncServerConnectionManagerRequest", "result":"SYNC_SERVER_OK", "context":{"environment":"Prod_SoutheastAsia_000j", "migrationStage":"NotStarted", "server":"GENERAL01000013"}}
{"logTime": "0124/114337", "correlationVector":"BnggfYo8MHP83VK9UHanAt.2","action":"Commit Response", "result":"SYNCER_OK", "context":Result: SYNCER_OK. cV=BnggfYo8MHP83VK9UHanAt.0;server=GENERAL01000013;cloudType=Consumer;environment=Prod_SoutheastAsia_000j;migrationStage=NotStarted}
{"logTime": "0124/114337", "correlationVector":"pyeiEqhNQe+FopqQ+n75XV","action":"Normal GetUpdate request", "result":"", "context":cV=pyeiEqhNQe+FopqQ+n75XV
Nudged types: Device Info}
{"logTime": "0124/114337", "correlationVector":"pyeiEqhNQe+FopqQ+n75XV.1","action":"SyncServerConnectionManagerRequest", "result":"SYNC_SERVER_OK", "context":{"environment":"Prod_SoutheastAsia_000j", "migrationStage":"NotStarted", "server":"GENERAL0300002B"}}
{"logTime": "0124/114337", "correlationVector":"pyeiEqhNQe+FopqQ+n75XV.2","action":"GetUpdates Response", "result":"SYNCER_OK", "context":Received 1 update(s). cV=pyeiEqhNQe+FopqQ+n75XV.0;server=GENERAL0300002B;cloudType=Consumer;environment=Prod_SoutheastAsia_000j;migrationStage=NotStarted}
{"logTime": "0124/114601", "correlationVector":"CgQP6Ja5MOIevI5bfUtplz","action":"Normal GetUpdate request", "result":"", "context":cV=CgQP6Ja5MOIevI5bfUtplz
Refresh requested types: Device Info, User Consents, Send Tab To Self, Encryption Keys}
{"logTime": "0124/114602", "correlationVector":"CgQP6Ja5MOIevI5bfUtplz.1","action":"SyncServerConnectionManagerRequest", "result":"SYNC_SERVER_OK", "context":{"environment":"Prod_SoutheastAsia_000j", "migrationStage":"NotStarted", "server":"GENERAL0100000M"}}
{"logTime": "0124/114602", "correlationVector":"CgQP6Ja5MOIevI5bfUtplz.2","action":"GetUpdates Response", "result":"SYNCER_OK", "context":Received 0 update(s). cV=CgQP6Ja5MOIevI5bfUtplz.0;server=GENERAL0100000M;cloudType=Consumer;environment=Prod_SoutheastAsia_000j;migrationStage=NotStarted}
